Started GET "/" for 126.36.203.107 at 2022-02-08 17:48:40 +0000
Cannot render console from 126.36.203.107! Allowed networks: 127.0.0.0/127.255.255.255, ::1
  [1m[35m (1.3ms)[0m  [1m[34mSELECT sqlite_version(*)[0m
  [1m[35m (7.1ms)[0m  [1m[35mCREATE TABLE "schema_migrations" ("version" varchar NOT NULL PRIMARY KEY)[0m
  [1m[35m (3.6ms)[0m  [1m[35mCREATE TABLE "ar_internal_metadata" ("key" varchar NOT NULL PRIMARY KEY, "value" varchar, "created_at" datetime(6) NOT NULL, "updated_at" datetime(6) NOT NULL)[0m
  [1m[35m (0.2ms)[0m  [1m[34mSELECT "schema_migrations"."version" FROM "schema_migrations" ORDER BY "schema_migrations"."version" ASC[0m
  
ActiveRecord::PendingMigrationError (

Migrations are pending. To resolve this issue, run:

        bin/rails db:migrate RAILS_ENV=development

You have 3 pending migrations:

20210727092511_devise_create_users.rb
20210727093149_create_books.rb
20211021071114_create_active_storage_tables.active_storage.rb


):
  
activerecord (6.1.4) lib/active_record/migration.rb:625:in `check_pending!'
activerecord (6.1.4) lib/active_record/migration.rb:590:in `block (2 levels) in call'
activesupport (6.1.4) lib/active_support/evented_file_update_checker.rb:59:in `execute'
activerecord (6.1.4) lib/active_record/migration.rb:595:in `block in call'
activerecord (6.1.4) lib/active_record/migration.rb:587:in `synchronize'
activerecord (6.1.4) lib/active_record/migration.rb:587:in `call'
actionpack (6.1.4) lib/action_dispatch/middleware/callbacks.rb:27:in `block in call'
activesupport (6.1.4) lib/active_support/callbacks.rb:98:in `run_callbacks'
actionpack (6.1.4) lib/action_dispatch/middleware/callbacks.rb:26:in `call'
actionpack (6.1.4) lib/action_dispatch/middleware/executor.rb:14:in `call'
actionpack (6.1.4) lib/action_dispatch/middleware/actionable_exceptions.rb:18:in `call'
actionpack (6.1.4) lib/action_dispatch/middleware/debug_exceptions.rb:29:in `call'
web-console (4.1.0) lib/web_console/middleware.rb:132:in `call_app'
web-console (4.1.0) lib/web_console/middleware.rb:19:in `block in call'
web-console (4.1.0) lib/web_console/middleware.rb:17:in `catch'
web-console (4.1.0) lib/web_console/middleware.rb:17:in `call'
actionpack (6.1.4) lib/action_dispatch/middleware/show_exceptions.rb:33:in `call'
railties (6.1.4) lib/rails/rack/logger.rb:37:in `call_app'
railties (6.1.4) lib/rails/rack/logger.rb:26:in `block in call'
activesupport (6.1.4) lib/active_support/tagged_logging.rb:99:in `block in tagged'
activesupport (6.1.4) lib/active_support/tagged_logging.rb:37:in `tagged'
activesupport (6.1.4) lib/active_support/tagged_logging.rb:99:in `tagged'
railties (6.1.4) lib/rails/rack/logger.rb:26:in `call'
sprockets-rails (3.2.2) lib/sprockets/rails/quiet_assets.rb:13:in `call'
actionpack (6.1.4) lib/action_dispatch/middleware/remote_ip.rb:81:in `call'
actionpack (6.1.4) lib/action_dispatch/middleware/request_id.rb:26:in `call'
rack (2.2.3) lib/rack/method_override.rb:24:in `call'
rack (2.2.3) lib/rack/runtime.rb:22:in `call'
activesupport (6.1.4) lib/active_support/cache/strategy/local_cache_middleware.rb:29:in `call'
actionpack (6.1.4) lib/action_dispatch/middleware/executor.rb:14:in `call'
actionpack (6.1.4) lib/action_dispatch/middleware/static.rb:24:in `call'
rack (2.2.3) lib/rack/sendfile.rb:110:in `call'
actionpack (6.1.4) lib/action_dispatch/middleware/host_authorization.rb:98:in `call'
rack-mini-profiler (2.3.2) lib/mini_profiler/profiler.rb:384:in `call'
webpacker (5.4.0) lib/webpacker/dev_server_proxy.rb:25:in `perform_request'
rack-proxy (0.7.0) lib/rack/proxy.rb:63:in `call'
railties (6.1.4) lib/rails/engine.rb:539:in `call'
puma (5.3.2) lib/puma/configuration.rb:249:in `call'
puma (5.3.2) lib/puma/request.rb:77:in `block in handle_request'
puma (5.3.2) lib/puma/thread_pool.rb:338:in `with_force_shutdown'
puma (5.3.2) lib/puma/request.rb:76:in `handle_request'
puma (5.3.2) lib/puma/server.rb:438:in `process_client'
puma (5.3.2) lib/puma/thread_pool.rb:145:in `block in spawn_thread'
Started GET "/" for 126.36.203.107 at 2022-02-08 17:48:42 +0000
Cannot render console from 126.36.203.107! Allowed networks: 127.0.0.0/127.255.255.255, ::1
  [1m[35m (0.1ms)[0m  [1m[34mSELECT "schema_migrations"."version" FROM "schema_migrations" ORDER BY "schema_migrations"."version" ASC[0m
  [1m[35mCACHE  (0.0ms)[0m  [1m[34mSELECT "schema_migrations"."version" FROM "schema_migrations" ORDER BY "schema_migrations"."version" ASC[0m
  
ActiveRecord::PendingMigrationError (

Migrations are pending. To resolve this issue, run:

        bin/rails db:migrate RAILS_ENV=development

You have 3 pending migrations:

20210727092511_devise_create_users.rb
20210727093149_create_books.rb
20211021071114_create_active_storage_tables.active_storage.rb


):
  
activerecord (6.1.4) lib/active_record/migration.rb:625:in `check_pending!'
activerecord (6.1.4) lib/active_record/migration.rb:590:in `block (2 levels) in call'
activesupport (6.1.4) lib/active_support/evented_file_update_checker.rb:59:in `execute'
activerecord (6.1.4) lib/active_record/migration.rb:595:in `block in call'
activerecord (6.1.4) lib/active_record/migration.rb:587:in `synchronize'
activerecord (6.1.4) lib/active_record/migration.rb:587:in `call'
actionpack (6.1.4) lib/action_dispatch/middleware/callbacks.rb:27:in `block in call'
activesupport (6.1.4) lib/active_support/callbacks.rb:98:in `run_callbacks'
actionpack (6.1.4) lib/action_dispatch/middleware/callbacks.rb:26:in `call'
actionpack (6.1.4) lib/action_dispatch/middleware/executor.rb:14:in `call'
actionpack (6.1.4) lib/action_dispatch/middleware/actionable_exceptions.rb:18:in `call'
actionpack (6.1.4) lib/action_dispatch/middleware/debug_exceptions.rb:29:in `call'
web-console (4.1.0) lib/web_console/middleware.rb:132:in `call_app'
web-console (4.1.0) lib/web_console/middleware.rb:19:in `block in call'
web-console (4.1.0) lib/web_console/middleware.rb:17:in `catch'
web-console (4.1.0) lib/web_console/middleware.rb:17:in `call'
actionpack (6.1.4) lib/action_dispatch/middleware/show_exceptions.rb:33:in `call'
railties (6.1.4) lib/rails/rack/logger.rb:37:in `call_app'
railties (6.1.4) lib/rails/rack/logger.rb:26:in `block in call'
activesupport (6.1.4) lib/active_support/tagged_logging.rb:99:in `block in tagged'
activesupport (6.1.4) lib/active_support/tagged_logging.rb:37:in `tagged'
activesupport (6.1.4) lib/active_support/tagged_logging.rb:99:in `tagged'
railties (6.1.4) lib/rails/rack/logger.rb:26:in `call'
sprockets-rails (3.2.2) lib/sprockets/rails/quiet_assets.rb:13:in `call'
actionpack (6.1.4) lib/action_dispatch/middleware/remote_ip.rb:81:in `call'
actionpack (6.1.4) lib/action_dispatch/middleware/request_id.rb:26:in `call'
rack (2.2.3) lib/rack/method_override.rb:24:in `call'
rack (2.2.3) lib/rack/runtime.rb:22:in `call'
activesupport (6.1.4) lib/active_support/cache/strategy/local_cache_middleware.rb:29:in `call'
actionpack (6.1.4) lib/action_dispatch/middleware/executor.rb:14:in `call'
actionpack (6.1.4) lib/action_dispatch/middleware/static.rb:24:in `call'
rack (2.2.3) lib/rack/sendfile.rb:110:in `call'
actionpack (6.1.4) lib/action_dispatch/middleware/host_authorization.rb:98:in `call'
rack-mini-profiler (2.3.2) lib/mini_profiler/profiler.rb:384:in `call'
webpacker (5.4.0) lib/webpacker/dev_server_proxy.rb:25:in `perform_request'
rack-proxy (0.7.0) lib/rack/proxy.rb:63:in `call'
railties (6.1.4) lib/rails/engine.rb:539:in `call'
puma (5.3.2) lib/puma/configuration.rb:249:in `call'
puma (5.3.2) lib/puma/request.rb:77:in `block in handle_request'
puma (5.3.2) lib/puma/thread_pool.rb:338:in `with_force_shutdown'
puma (5.3.2) lib/puma/request.rb:76:in `handle_request'
puma (5.3.2) lib/puma/server.rb:438:in `process_client'
puma (5.3.2) lib/puma/thread_pool.rb:145:in `block in spawn_thread'
Started POST "/rails/actions" for 126.36.203.107 at 2022-02-08 17:48:44 +0000
Cannot render console from 126.36.203.107! Allowed networks: 127.0.0.0/127.255.255.255, ::1
  [1m[35m (0.1ms)[0m  [1m[34mSELECT "schema_migrations"."version" FROM "schema_migrations" ORDER BY "schema_migrations"."version" ASC[0m
Migrating to DeviseCreateUsers (20210727092511)
  [1m[36mTRANSACTION (0.1ms)[0m  [1m[36mbegin transaction[0m
  [1m[35m (0.4ms)[0m  [1m[35mCREATE TABLE "users" ("id" integer PRIMARY KEY AUTOINCREMENT NOT NULL, "email" varchar DEFAULT '' NOT NULL, "encrypted_password" varchar DEFAULT '' NOT NULL, "reset_password_token" varchar, "reset_password_sent_at" datetime, "remember_created_at" datetime, "name" varchar, "introduction" text, "created_at" datetime(6) NOT NULL, "updated_at" datetime(6) NOT NULL)[0m
  [1m[35m (0.2ms)[0m  [1m[35mCREATE UNIQUE INDEX "index_users_on_email" ON "users" ("email")[0m
  [1m[35m (0.2ms)[0m  [1m[35mCREATE UNIQUE INDEX "index_users_on_reset_password_token" ON "users" ("reset_password_token")[0m
  [1m[36mActiveRecord::SchemaMigration Create (0.3ms)[0m  [1m[32mINSERT INTO "schema_migrations" ("version") VALUES (?)[0m  [["version", "20210727092511"]]
  [1m[36mTRANSACTION (5.4ms)[0m  [1m[36mcommit transaction[0m
Migrating to CreateBooks (20210727093149)
  [1m[36mTRANSACTION (0.1ms)[0m  [1m[36mbegin transaction[0m
  [1m[35m (0.3ms)[0m  [1m[35mCREATE TABLE "books" ("id" integer PRIMARY KEY AUTOINCREMENT NOT NULL, "title" varchar, "body" text, "user_id" integer, "created_at" datetime(6) NOT NULL, "updated_at" datetime(6) NOT NULL)[0m
  [1m[36mActiveRecord::SchemaMigration Create (0.1ms)[0m  [1m[32mINSERT INTO "schema_migrations" ("version") VALUES (?)[0m  [["version", "20210727093149"]]
  [1m[36mTRANSACTION (3.7ms)[0m  [1m[36mcommit transaction[0m
Migrating to CreateActiveStorageTables (20211021071114)
  [1m[36mTRANSACTION (0.0ms)[0m  [1m[36mbegin transaction[0m
  [1m[35m (0.3ms)[0m  [1m[35mCREATE TABLE "active_storage_blobs" ("id" integer PRIMARY KEY AUTOINCREMENT NOT NULL, "key" varchar NOT NULL, "filename" varchar NOT NULL, "content_type" varchar, "metadata" text, "service_name" varchar NOT NULL, "byte_size" bigint NOT NULL, "checksum" varchar NOT NULL, "created_at" datetime NOT NULL)[0m
  [1m[35m (0.2ms)[0m  [1m[35mCREATE UNIQUE INDEX "index_active_storage_blobs_on_key" ON "active_storage_blobs" ("key")[0m
  [1m[35m (0.2ms)[0m  [1m[35mCREATE TABLE "active_storage_attachments" ("id" integer PRIMARY KEY AUTOINCREMENT NOT NULL, "name" varchar NOT NULL, "record_type" varchar NOT NULL, "record_id" integer NOT NULL, "blob_id" integer NOT NULL, "created_at" datetime NOT NULL, CONSTRAINT "fk_rails_c3b3935057"
FOREIGN KEY ("blob_id")
  REFERENCES "active_storage_blobs" ("id")
)[0m
  [1m[35m (0.1ms)[0m  [1m[35mCREATE INDEX "index_active_storage_attachments_on_blob_id" ON "active_storage_attachments" ("blob_id")[0m
  [1m[35m (0.2ms)[0m  [1m[35mCREATE UNIQUE INDEX "index_active_storage_attachments_uniqueness" ON "active_storage_attachments" ("record_type", "record_id", "name", "blob_id")[0m
  [1m[35m (0.2ms)[0m  [1m[35mCREATE TABLE "active_storage_variant_records" ("id" integer PRIMARY KEY AUTOINCREMENT NOT NULL, "blob_id" integer NOT NULL, "variation_digest" varchar NOT NULL, CONSTRAINT "fk_rails_993965df05"
FOREIGN KEY ("blob_id")
  REFERENCES "active_storage_blobs" ("id")
)[0m
  [1m[35m (0.1ms)[0m  [1m[35mCREATE UNIQUE INDEX "index_active_storage_variant_records_uniqueness" ON "active_storage_variant_records" ("blob_id", "variation_digest")[0m
  [1m[36mActiveRecord::SchemaMigration Create (0.1ms)[0m  [1m[32mINSERT INTO "schema_migrations" ("version") VALUES (?)[0m  [["version", "20211021071114"]]
  [1m[36mTRANSACTION (10.8ms)[0m  [1m[36mcommit transaction[0m
  [1m[36mActiveRecord::InternalMetadata Load (0.1ms)[0m  [1m[34mSELECT "ar_internal_metadata".* FROM "ar_internal_metadata" WHERE "ar_internal_metadata"."key" = ? LIMIT ?[0m  [["key", "environment"], ["LIMIT", 1]]
  [1m[36mTRANSACTION (0.0ms)[0m  [1m[36mbegin transaction[0m
  [1m[36mActiveRecord::InternalMetadata Create (0.2ms)[0m  [1m[32mINSERT INTO "ar_internal_metadata" ("key", "value", "created_at", "updated_at") VALUES (?, ?, ?, ?)[0m  [["key", "environment"], ["value", "development"], ["created_at", "2022-02-08 17:48:44.465206"], ["updated_at", "2022-02-08 17:48:44.465206"]]
  [1m[36mTRANSACTION (3.8ms)[0m  [1m[36mcommit transaction[0m
  [1m[35m (0.1ms)[0m  [1m[34mSELECT "schema_migrations"."version" FROM "schema_migrations" ORDER BY "schema_migrations"."version" ASC[0m
Started GET "/" for 126.36.203.107 at 2022-02-08 17:48:44 +0000
Cannot render console from 126.36.203.107! Allowed networks: 127.0.0.0/127.255.255.255, ::1
  [1m[35m (0.1ms)[0m  [1m[34mSELECT sqlite_version(*)[0m
  [1m[35m (0.1ms)[0m  [1m[34mSELECT "schema_migrations"."version" FROM "schema_migrations" ORDER BY "schema_migrations"."version" ASC[0m
Processing by HomesController#top as HTML
  Rendering layout layouts/application.html.erb
  Rendering homes/top.html.erb within layouts/application
  Rendered homes/top.html.erb within layouts/application (Duration: 0.7ms | Allocations: 265)
[Webpacker] Compiling...
[Webpacker] Compilation failed:
yarn run v1.22.17
info Visit https://yarnpkg.com/en/docs/cli/run for documentation about this command.


warning ../../package.json: No license field
warning ../../package.json: No license field
error Command "webpack" not found.

  Rendered layout layouts/application.html.erb (Duration: 681.3ms | Allocations: 3668)
Completed 500 Internal Server Error in 704ms (ActiveRecord: 0.0ms | Allocations: 10360)


  
ActionView::Template::Error (Webpacker can't find application.js in /home/ec2-user/environment/default_app/public/packs/manifest.json. Possible causes:
1. You want to set webpacker.yml value of compile to true for your environment
   unless you are using the `webpack -w` or the webpack-dev-server.
2. webpack has not yet re-run to reflect updates.
3. You have misconfigured Webpacker's config/webpacker.yml file.
4. Your webpack configuration is not creating a manifest.
Your manifest contains:
{
}
):
     6:     <%= csp_meta_tag %>
     7:     <meta name="viewport" content="width=device-width, initial-scale=1, maximum-scale=1">
     8:     <%= stylesheet_pack_tag 'application', 'data-turbolinks-track': 'reload' %>
     9:     <%= javascript_pack_tag 'application', 'data-turbolinks-track': 'reload' %>
    10:   </head>
    11:   <body>
    12:     <%= render 'layouts/header' %>
  
app/views/layouts/application.html.erb:9
Started POST "/rails/actions" for 126.36.203.107 at 2022-02-08 17:51:14 +0000
Cannot render console from 126.36.203.107! Allowed networks: 127.0.0.0/127.255.255.255, ::1
  [1m[35m (0.1ms)[0m  [1m[34mSELECT "schema_migrations"."version" FROM "schema_migrations" ORDER BY "schema_migrations"."version" ASC[0m
  [1m[36mActiveRecord::InternalMetadata Load (0.2ms)[0m  [1m[34mSELECT "ar_internal_metadata".* FROM "ar_internal_metadata" WHERE "ar_internal_metadata"."key" = ? LIMIT ?[0m  [["key", "environment"], ["LIMIT", 1]]
  [1m[35mCACHE  (0.0ms)[0m  [1m[34mSELECT "schema_migrations"."version" FROM "schema_migrations" ORDER BY "schema_migrations"."version" ASC[0m
Started GET "/" for 126.36.203.107 at 2022-02-08 17:51:14 +0000
Cannot render console from 126.36.203.107! Allowed networks: 127.0.0.0/127.255.255.255, ::1
Processing by HomesController#top as HTML
  Rendering layout layouts/application.html.erb
  Rendering homes/top.html.erb within layouts/application
  Rendered homes/top.html.erb within layouts/application (Duration: 0.3ms | Allocations: 96)
[Webpacker] Compiling...
[Webpacker] Compilation failed:
yarn run v1.22.17
info Visit https://yarnpkg.com/en/docs/cli/run for documentation about this command.


warning ../../package.json: No license field
warning ../../package.json: No license field
error Command "webpack" not found.

  Rendered layout layouts/application.html.erb (Duration: 690.3ms | Allocations: 3753)
Completed 500 Internal Server Error in 693ms (Allocations: 4832)


  
ActionView::Template::Error (Webpacker can't find application.js in /home/ec2-user/environment/default_app/public/packs/manifest.json. Possible causes:
1. You want to set webpacker.yml value of compile to true for your environment
   unless you are using the `webpack -w` or the webpack-dev-server.
2. webpack has not yet re-run to reflect updates.
3. You have misconfigured Webpacker's config/webpacker.yml file.
4. Your webpack configuration is not creating a manifest.
Your manifest contains:
{
}
):
     6:     <%= csp_meta_tag %>
     7:     <meta name="viewport" content="width=device-width, initial-scale=1, maximum-scale=1">
     8:     <%= stylesheet_pack_tag 'application', 'data-turbolinks-track': 'reload' %>
     9:     <%= javascript_pack_tag 'application', 'data-turbolinks-track': 'reload' %>
    10:   </head>
    11:   <body>
    12:     <%= render 'layouts/header' %>
  
app/views/layouts/application.html.erb:9
Started GET "/" for 126.36.203.107 at 2022-02-08 17:57:02 +0000
Cannot render console from 126.36.203.107! Allowed networks: 127.0.0.0/127.255.255.255, ::1
  [1m[35m (0.3ms)[0m  [1m[34mSELECT sqlite_version(*)[0m
  [1m[35m (0.1ms)[0m  [1m[34mSELECT "schema_migrations"."version" FROM "schema_migrations" ORDER BY "schema_migrations"."version" ASC[0m
Processing by HomesController#top as HTML
  Rendering layout layouts/application.html.erb
  Rendering homes/top.html.erb within layouts/application
  Rendered homes/top.html.erb within layouts/application (Duration: 0.9ms | Allocations: 388)
[Webpacker] Everything's up-to-date. Nothing to do
  Rendered layouts/_header.html.erb (Duration: 3.4ms | Allocations: 797)
  Rendered layouts/_footer.html.erb (Duration: 1.4ms | Allocations: 139)
  Rendered layout layouts/application.html.erb (Duration: 15.4ms | Allocations: 3773)
Completed 200 OK in 39ms (Views: 19.8ms | ActiveRecord: 0.0ms | Allocations: 10030)


Started GET "/users/sign_in" for 126.36.203.107 at 2022-02-08 17:57:10 +0000
Cannot render console from 126.36.203.107! Allowed networks: 127.0.0.0/127.255.255.255, ::1
Processing by Devise::SessionsController#new as HTML
  Rendering layout layouts/application.html.erb
  Rendering devise/sessions/new.html.erb within layouts/application
  Rendered devise/shared/_links.html.erb (Duration: 2.7ms | Allocations: 651)
  Rendered devise/sessions/new.html.erb within layouts/application (Duration: 44.9ms | Allocations: 9122)
[Webpacker] Everything's up-to-date. Nothing to do
  Rendered layouts/_header.html.erb (Duration: 0.5ms | Allocations: 196)
  Rendered layouts/_footer.html.erb (Duration: 0.1ms | Allocations: 37)
  Rendered layout layouts/application.html.erb (Duration: 49.5ms | Allocations: 11257)
Completed 200 OK in 81ms (Views: 53.3ms | ActiveRecord: 0.6ms | Allocations: 19108)


Started GET "/users/sign_up" for 126.36.203.107 at 2022-02-08 17:57:25 +0000
Cannot render console from 126.36.203.107! Allowed networks: 127.0.0.0/127.255.255.255, ::1
Processing by Devise::RegistrationsController#new as HTML
  Rendering layout layouts/application.html.erb
  Rendering devise/registrations/new.html.erb within layouts/application
  Rendered devise/shared/_error_messages.html.erb (Duration: 0.7ms | Allocations: 238)
  Rendered devise/shared/_links.html.erb (Duration: 0.5ms | Allocations: 150)
  Rendered devise/registrations/new.html.erb within layouts/application (Duration: 6.2ms | Allocations: 2201)
[Webpacker] Everything's up-to-date. Nothing to do
  Rendered layouts/_header.html.erb (Duration: 0.5ms | Allocations: 196)
  Rendered layouts/_footer.html.erb (Duration: 0.1ms | Allocations: 37)
  Rendered layout layouts/application.html.erb (Duration: 11.8ms | Allocations: 4334)
Completed 200 OK in 15ms (Views: 13.8ms | ActiveRecord: 0.0ms | Allocations: 5610)


Started POST "/users" for 126.36.203.107 at 2022-02-08 17:57:38 +0000
Cannot render console from 126.36.203.107! Allowed networks: 127.0.0.0/127.255.255.255, ::1
Processing by Devise::RegistrationsController#create as HTML
  Parameters: {"authenticity_token"=>"[FILTERED]", "user"=>{"name"=>"aobam", "email"=>"werwer@gmail", "password"=>"[FILTERED]", "password_confirmation"=>"[FILTERED]"}, "commit"=>"Sign up"}
  [1m[36mTRANSACTION (0.1ms)[0m  [1m[36mbegin transaction[0m
  [1m[36mUser Exists? (0.2ms)[0m  [1m[34mSELECT 1 AS one FROM "users" WHERE "users"."email" = ? LIMIT ?[0m  [["email", "werwer@gmail"], ["LIMIT", 1]]
  [1m[36mUser Exists? (0.1ms)[0m  [1m[34mSELECT 1 AS one FROM "users" WHERE "users"."name" = ? LIMIT ?[0m  [["name", "aobam"], ["LIMIT", 1]]
  [1m[36mUser Create (0.3ms)[0m  [1m[32mINSERT INTO "users" ("email", "encrypted_password", "name", "created_at", "updated_at") VALUES (?, ?, ?, ?, ?)[0m  [["email", "werwer@gmail"], ["encrypted_password", "$2a$12$hbqGkoGIuZgK5v58Mjc6FO6.tBVUE3xwl4iUyeFGzIwmVI.Vc6oFe"], ["name", "aobam"], ["created_at", "2022-02-08 17:57:39.248318"], ["updated_at", "2022-02-08 17:57:39.248318"]]
  [1m[36mTRANSACTION (3.4ms)[0m  [1m[36mcommit transaction[0m
Redirected to https://b682dc45f7724681a12094d5e09e8c39.vfs.cloud9.us-east-1.amazonaws.com/users/1
Completed 302 Found in 326ms (ActiveRecord: 4.0ms | Allocations: 14576)


Started GET "/users/1" for 126.36.203.107 at 2022-02-08 17:57:39 +0000
Cannot render console from 126.36.203.107! Allowed networks: 127.0.0.0/127.255.255.255, ::1
Processing by UsersController#show as HTML
  Parameters: {"id"=>"1"}
  [1m[36mUser Load (0.2ms)[0m  [1m[34mSELECT "users".* FROM "users" WHERE "users"."id" = ? ORDER BY "users"."id" ASC LIMIT ?[0m  [["id", 1], ["LIMIT", 1]]
  [1m[36mUser Load (0.1ms)[0m  [1m[34mSELECT "users".* FROM "users" WHERE "users"."id" = ? LIMIT ?[0m  [["id", 1], ["LIMIT", 1]]
  ↳ app/controllers/users_controller.rb:5:in `show'
  Rendering layout layouts/application.html.erb
  Rendering users/show.html.erb within layouts/application
  [1m[36mActiveStorage::Attachment Load (0.2ms)[0m  [1m[34mSELECT "active_storage_attachments".* FROM "active_storage_attachments" WHERE "active_storage_attachments"."record_id" = ? AND "active_storage_attachments"."record_type" = ? AND "active_storage_attachments"."name" = ? LIMIT ?[0m  [["record_id", 1], ["record_type", "User"], ["name", "profile_image"], ["LIMIT", 1]]
  ↳ app/models/user.rb:15:in `get_profile_image'
  Rendered users/_info.html.erb (Duration: 54.9ms | Allocations: 22433)
  Rendered books/_form.html.erb (Duration: 3.3ms | Allocations: 1234)
  [1m[36mBook Load (0.2ms)[0m  [1m[34mSELECT "books".* FROM "books" WHERE "books"."user_id" = ?[0m  [["user_id", 1]]
  ↳ app/views/books/_index.html.erb:11
  Rendered books/_index.html.erb (Duration: 4.1ms | Allocations: 1218)
  Rendered users/show.html.erb within layouts/application (Duration: 64.2ms | Allocations: 25656)
[Webpacker] Everything's up-to-date. Nothing to do
  Rendered layouts/_header.html.erb (Duration: 0.4ms | Allocations: 173)
  Rendered layouts/_footer.html.erb (Duration: 0.1ms | Allocations: 37)
  Rendered layout layouts/application.html.erb (Duration: 69.1ms | Allocations: 27674)
Completed 200 OK in 97ms (Views: 70.2ms | ActiveRecord: 1.7ms | Allocations: 38746)


Started GET "/users/1" for 126.36.203.107 at 2022-02-08 17:57:46 +0000
Cannot render console from 126.36.203.107! Allowed networks: 127.0.0.0/127.255.255.255, ::1
Processing by UsersController#show as HTML
  Parameters: {"id"=>"1"}
  [1m[36mUser Load (0.1ms)[0m  [1m[34mSELECT "users".* FROM "users" WHERE "users"."id" = ? ORDER BY "users"."id" ASC LIMIT ?[0m  [["id", 1], ["LIMIT", 1]]
  [1m[36mUser Load (0.1ms)[0m  [1m[34mSELECT "users".* FROM "users" WHERE "users"."id" = ? LIMIT ?[0m  [["id", 1], ["LIMIT", 1]]
  ↳ app/controllers/users_controller.rb:5:in `show'
  Rendering layout layouts/application.html.erb
  Rendering users/show.html.erb within layouts/application
  [1m[36mActiveStorage::Attachment Load (0.1ms)[0m  [1m[34mSELECT "active_storage_attachments".* FROM "active_storage_attachments" WHERE "active_storage_attachments"."record_id" = ? AND "active_storage_attachments"."record_type" = ? AND "active_storage_attachments"."name" = ? LIMIT ?[0m  [["record_id", 1], ["record_type", "User"], ["name", "profile_image"], ["LIMIT", 1]]
  ↳ app/models/user.rb:15:in `get_profile_image'
  Rendered users/_info.html.erb (Duration: 3.9ms | Allocations: 1640)
  Rendered books/_form.html.erb (Duration: 1.7ms | Allocations: 663)
  [1m[36mBook Load (0.1ms)[0m  [1m[34mSELECT "books".* FROM "books" WHERE "books"."user_id" = ?[0m  [["user_id", 1]]
  ↳ app/views/books/_index.html.erb:11
  Rendered books/_index.html.erb (Duration: 2.2ms | Allocations: 801)
  Rendered users/show.html.erb within layouts/application (Duration: 8.4ms | Allocations: 3313)
[Webpacker] Everything's up-to-date. Nothing to do
  Rendered layouts/_header.html.erb (Duration: 0.3ms | Allocations: 160)
  Rendered layouts/_footer.html.erb (Duration: 0.1ms | Allocations: 37)
  Rendered layout layouts/application.html.erb (Duration: 11.6ms | Allocations: 5410)
Completed 200 OK in 17ms (Views: 11.9ms | ActiveRecord: 0.4ms | Allocations: 7497)


Started GET "/users" for 126.36.203.107 at 2022-02-08 17:57:47 +0000
Cannot render console from 126.36.203.107! Allowed networks: 127.0.0.0/127.255.255.255, ::1
Processing by UsersController#index as HTML
  [1m[36mUser Load (0.1ms)[0m  [1m[34mSELECT "users".* FROM "users" WHERE "users"."id" = ? ORDER BY "users"."id" ASC LIMIT ?[0m  [["id", 1], ["LIMIT", 1]]
  Rendering layout layouts/application.html.erb
  Rendering users/index.html.erb within layouts/application
  [1m[36mActiveStorage::Attachment Load (0.1ms)[0m  [1m[34mSELECT "active_storage_attachments".* FROM "active_storage_attachments" WHERE "active_storage_attachments"."record_id" = ? AND "active_storage_attachments"."record_type" = ? AND "active_storage_attachments"."name" = ? LIMIT ?[0m  [["record_id", 1], ["record_type", "User"], ["name", "profile_image"], ["LIMIT", 1]]
  ↳ app/models/user.rb:15:in `get_profile_image'
  Rendered users/_info.html.erb (Duration: 4.1ms | Allocations: 1634)
  Rendered books/_form.html.erb (Duration: 1.3ms | Allocations: 666)
  [1m[36mUser Load (0.2ms)[0m  [1m[34mSELECT "users".* FROM "users"[0m
  ↳ app/views/users/_index.html.erb:10
  [1m[36mCACHE ActiveStorage::Attachment Load (0.0ms)[0m  [1m[34mSELECT "active_storage_attachments".* FROM "active_storage_attachments" WHERE "active_storage_attachments"."record_id" = ? AND "active_storage_attachments"."record_type" = ? AND "active_storage_attachments"."name" = ? LIMIT ?[0m  [["record_id", 1], ["record_type", "User"], ["name", "profile_image"], ["LIMIT", 1]]
  ↳ app/models/user.rb:15:in `get_profile_image'
  Rendered users/_index.html.erb (Duration: 6.0ms | Allocations: 2200)
  Rendered users/index.html.erb within layouts/application (Duration: 12.8ms | Allocations: 4998)
[Webpacker] Everything's up-to-date. Nothing to do
  Rendered layouts/_header.html.erb (Duration: 0.3ms | Allocations: 165)
  Rendered layouts/_footer.html.erb (Duration: 0.1ms | Allocations: 37)
  Rendered layout layouts/application.html.erb (Duration: 16.1ms | Allocations: 7105)
Completed 200 OK in 19ms (Views: 16.3ms | ActiveRecord: 0.4ms | Allocations: 8770)


Started GET "/books" for 126.36.203.107 at 2022-02-08 17:57:49 +0000
Cannot render console from 126.36.203.107! Allowed networks: 127.0.0.0/127.255.255.255, ::1
Processing by BooksController#index as HTML
  [1m[36mUser Load (0.1ms)[0m  [1m[34mSELECT "users".* FROM "users" WHERE "users"."id" = ? ORDER BY "users"."id" ASC LIMIT ?[0m  [["id", 1], ["LIMIT", 1]]
  Rendering layout layouts/application.html.erb
  Rendering books/index.html.erb within layouts/application
  [1m[36mActiveStorage::Attachment Load (0.1ms)[0m  [1m[34mSELECT "active_storage_attachments".* FROM "active_storage_attachments" WHERE "active_storage_attachments"."record_id" = ? AND "active_storage_attachments"."record_type" = ? AND "active_storage_attachments"."name" = ? LIMIT ?[0m  [["record_id", 1], ["record_type", "User"], ["name", "profile_image"], ["LIMIT", 1]]
  ↳ app/models/user.rb:15:in `get_profile_image'
  Rendered users/_info.html.erb (Duration: 4.5ms | Allocations: 1632)
  Rendered books/_form.html.erb (Duration: 1.8ms | Allocations: 666)
  [1m[36mBook Load (0.2ms)[0m  [1m[34mSELECT "books".* FROM "books"[0m
  ↳ app/views/books/_index.html.erb:11
  Rendered books/_index.html.erb (Duration: 2.1ms | Allocations: 724)
  Rendered books/index.html.erb within layouts/application (Duration: 9.4ms | Allocations: 3404)
[Webpacker] Everything's up-to-date. Nothing to do
  Rendered layouts/_header.html.erb (Duration: 0.4ms | Allocations: 164)
  Rendered layouts/_footer.html.erb (Duration: 0.1ms | Allocations: 37)
  Rendered layout layouts/application.html.erb (Duration: 13.3ms | Allocations: 5507)
Completed 200 OK in 19ms (Views: 14.4ms | ActiveRecord: 0.4ms | Allocations: 7630)


Started DELETE "/users/sign_out" for 126.36.203.107 at 2022-02-08 17:57:52 +0000
Cannot render console from 126.36.203.107! Allowed networks: 127.0.0.0/127.255.255.255, ::1
Processing by Devise::SessionsController#destroy as HTML
  Parameters: {"authenticity_token"=>"[FILTERED]"}
  [1m[36mUser Load (0.1ms)[0m  [1m[34mSELECT "users".* FROM "users" WHERE "users"."id" = ? ORDER BY "users"."id" ASC LIMIT ?[0m  [["id", 1], ["LIMIT", 1]]
Redirected to https://b682dc45f7724681a12094d5e09e8c39.vfs.cloud9.us-east-1.amazonaws.com/
Completed 302 Found in 9ms (ActiveRecord: 0.1ms | Allocations: 2462)


Started GET "/" for 126.36.203.107 at 2022-02-08 17:57:52 +0000
Cannot render console from 126.36.203.107! Allowed networks: 127.0.0.0/127.255.255.255, ::1
Processing by HomesController#top as HTML
  Rendering layout layouts/application.html.erb
  Rendering homes/top.html.erb within layouts/application
  Rendered homes/top.html.erb within layouts/application (Duration: 0.3ms | Allocations: 93)
[Webpacker] Everything's up-to-date. Nothing to do
  Rendered layouts/_header.html.erb (Duration: 0.5ms | Allocations: 219)
  Rendered layouts/_footer.html.erb (Duration: 0.1ms | Allocations: 37)
  Rendered layout layouts/application.html.erb (Duration: 4.0ms | Allocations: 2271)
Completed 200 OK in 5ms (Views: 4.6ms | ActiveRecord: 0.0ms | Allocations: 2661)


Started GET "/home/about" for 126.36.203.107 at 2022-02-08 17:57:54 +0000
Cannot render console from 126.36.203.107! Allowed networks: 127.0.0.0/127.255.255.255, ::1
Processing by HomesController#about as HTML
  Rendering layout layouts/application.html.erb
  Rendering homes/about.html.erb within layouts/application
  Rendered homes/about.html.erb within layouts/application (Duration: 0.3ms | Allocations: 134)
[Webpacker] Everything's up-to-date. Nothing to do
  Rendered layouts/_header.html.erb (Duration: 0.4ms | Allocations: 229)
  Rendered layouts/_footer.html.erb (Duration: 0.0ms | Allocations: 37)
  Rendered layout layouts/application.html.erb (Duration: 3.0ms | Allocations: 2316)
Completed 200 OK in 4ms (Views: 3.4ms | ActiveRecord: 0.0ms | Allocations: 2910)


Started GET "/" for 126.36.203.107 at 2022-02-08 17:57:56 +0000
Cannot render console from 126.36.203.107! Allowed networks: 127.0.0.0/127.255.255.255, ::1
Processing by HomesController#top as HTML
  Rendering layout layouts/application.html.erb
  Rendering homes/top.html.erb within layouts/application
  Rendered homes/top.html.erb within layouts/application (Duration: 0.2ms | Allocations: 87)
[Webpacker] Everything's up-to-date. Nothing to do
  Rendered layouts/_header.html.erb (Duration: 0.3ms | Allocations: 216)
  Rendered layouts/_footer.html.erb (Duration: 0.0ms | Allocations: 37)
  Rendered layout layouts/application.html.erb (Duration: 2.8ms | Allocations: 2251)
Completed 200 OK in 4ms (Views: 3.1ms | ActiveRecord: 0.0ms | Allocations: 2637)


Started GET "/users/sign_up" for 126.36.203.107 at 2022-02-08 17:57:57 +0000
Cannot render console from 126.36.203.107! Allowed networks: 127.0.0.0/127.255.255.255, ::1
Processing by Devise::RegistrationsController#new as HTML
  Rendering layout layouts/application.html.erb
  Rendering devise/registrations/new.html.erb within layouts/application
  Rendered devise/shared/_error_messages.html.erb (Duration: 0.1ms | Allocations: 42)
  Rendered devise/shared/_links.html.erb (Duration: 0.3ms | Allocations: 107)
  Rendered devise/registrations/new.html.erb within layouts/application (Duration: 3.2ms | Allocations: 1226)
[Webpacker] Everything's up-to-date. Nothing to do
  Rendered layouts/_header.html.erb (Duration: 0.5ms | Allocations: 193)
  Rendered layouts/_footer.html.erb (Duration: 0.1ms | Allocations: 37)
  Rendered layout layouts/application.html.erb (Duration: 7.7ms | Allocations: 3395)
Completed 200 OK in 10ms (Views: 8.5ms | ActiveRecord: 0.0ms | Allocations: 3940)


Started GET "/users/sign_in" for 126.36.203.107 at 2022-02-08 17:57:59 +0000
Cannot render console from 126.36.203.107! Allowed networks: 127.0.0.0/127.255.255.255, ::1
Processing by Devise::SessionsController#new as HTML
  Rendering layout layouts/application.html.erb
  Rendering devise/sessions/new.html.erb within layouts/application
  Rendered devise/shared/_links.html.erb (Duration: 0.2ms | Allocations: 152)
  Rendered devise/sessions/new.html.erb within layouts/application (Duration: 1.5ms | Allocations: 1005)
[Webpacker] Everything's up-to-date. Nothing to do
  Rendered layouts/_header.html.erb (Duration: 0.3ms | Allocations: 196)
  Rendered layouts/_footer.html.erb (Duration: 0.0ms | Allocations: 37)
  Rendered layout layouts/application.html.erb (Duration: 4.0ms | Allocations: 3177)
Completed 200 OK in 5ms (Views: 4.5ms | ActiveRecord: 0.0ms | Allocations: 3769)


Started POST "/users/sign_in" for 126.36.203.107 at 2022-02-08 17:58:05 +0000
Cannot render console from 126.36.203.107! Allowed networks: 127.0.0.0/127.255.255.255, ::1
Processing by Devise::SessionsController#create as HTML
  Parameters: {"authenticity_token"=>"[FILTERED]", "user"=>{"name"=>"aobam", "password"=>"[FILTERED]", "remember_me"=>"0"}, "commit"=>"Log in"}
  [1m[36mUser Load (0.3ms)[0m  [1m[34mSELECT "users".* FROM "users" WHERE "users"."name" = ? ORDER BY "users"."id" ASC LIMIT ?[0m  [["name", "aobam"], ["LIMIT", 1]]
Redirected to https://b682dc45f7724681a12094d5e09e8c39.vfs.cloud9.us-east-1.amazonaws.com/users/1
Completed 302 Found in 248ms (ActiveRecord: 0.3ms | Allocations: 2872)


Started GET "/users/1" for 126.36.203.107 at 2022-02-08 17:58:06 +0000
Cannot render console from 126.36.203.107! Allowed networks: 127.0.0.0/127.255.255.255, ::1
Processing by UsersController#show as HTML
  Parameters: {"id"=>"1"}
  [1m[36mUser Load (0.1ms)[0m  [1m[34mSELECT "users".* FROM "users" WHERE "users"."id" = ? ORDER BY "users"."id" ASC LIMIT ?[0m  [["id", 1], ["LIMIT", 1]]
  [1m[36mUser Load (0.1ms)[0m  [1m[34mSELECT "users".* FROM "users" WHERE "users"."id" = ? LIMIT ?[0m  [["id", 1], ["LIMIT", 1]]
  ↳ app/controllers/users_controller.rb:5:in `show'
  Rendering layout layouts/application.html.erb
  Rendering users/show.html.erb within layouts/application
  [1m[36mActiveStorage::Attachment Load (0.1ms)[0m  [1m[34mSELECT "active_storage_attachments".* FROM "active_storage_attachments" WHERE "active_storage_attachments"."record_id" = ? AND "active_storage_attachments"."record_type" = ? AND "active_storage_attachments"."name" = ? LIMIT ?[0m  [["record_id", 1], ["record_type", "User"], ["name", "profile_image"], ["LIMIT", 1]]
  ↳ app/models/user.rb:15:in `get_profile_image'
  Rendered users/_info.html.erb (Duration: 4.1ms | Allocations: 1644)
  Rendered books/_form.html.erb (Duration: 1.7ms | Allocations: 671)
  [1m[36mBook Load (0.1ms)[0m  [1m[34mSELECT "books".* FROM "books" WHERE "books"."user_id" = ?[0m  [["user_id", 1]]
  ↳ app/views/books/_index.html.erb:11
  Rendered books/_index.html.erb (Duration: 2.3ms | Allocations: 801)
  Rendered users/show.html.erb within layouts/application (Duration: 8.7ms | Allocations: 3325)
[Webpacker] Everything's up-to-date. Nothing to do
  Rendered layouts/_header.html.erb (Duration: 0.3ms | Allocations: 164)
  Rendered layouts/_footer.html.erb (Duration: 0.1ms | Allocations: 37)
  Rendered layout layouts/application.html.erb (Duration: 12.0ms | Allocations: 5429)
Completed 200 OK in 18ms (Views: 12.3ms | ActiveRecord: 0.4ms | Allocations: 7518)


Started GET "/users" for 126.36.203.107 at 2022-02-08 17:58:12 +0000
Cannot render console from 126.36.203.107! Allowed networks: 127.0.0.0/127.255.255.255, ::1
Processing by UsersController#index as HTML
  [1m[36mUser Load (0.1ms)[0m  [1m[34mSELECT "users".* FROM "users" WHERE "users"."id" = ? ORDER BY "users"."id" ASC LIMIT ?[0m  [["id", 1], ["LIMIT", 1]]
  Rendering layout layouts/application.html.erb
  Rendering users/index.html.erb within layouts/application
  [1m[36mActiveStorage::Attachment Load (0.1ms)[0m  [1m[34mSELECT "active_storage_attachments".* FROM "active_storage_attachments" WHERE "active_storage_attachments"."record_id" = ? AND "active_storage_attachments"."record_type" = ? AND "active_storage_attachments"."name" = ? LIMIT ?[0m  [["record_id", 1], ["record_type", "User"], ["name", "profile_image"], ["LIMIT", 1]]
  ↳ app/models/user.rb:15:in `get_profile_image'
  Rendered users/_info.html.erb (Duration: 5.1ms | Allocations: 1746)
  Rendered books/_form.html.erb (Duration: 1.7ms | Allocations: 663)
  [1m[36mUser Load (0.1ms)[0m  [1m[34mSELECT "users".* FROM "users"[0m
  ↳ app/views/users/_index.html.erb:10
  [1m[36mCACHE ActiveStorage::Attachment Load (0.0ms)[0m  [1m[34mSELECT "active_storage_attachments".* FROM "active_storage_attachments" WHERE "active_storage_attachments"."record_id" = ? AND "active_storage_attachments"."record_type" = ? AND "active_storage_attachments"."name" = ? LIMIT ?[0m  [["record_id", 1], ["record_type", "User"], ["name", "profile_image"], ["LIMIT", 1]]
  ↳ app/models/user.rb:15:in `get_profile_image'
  Rendered users/_index.html.erb (Duration: 5.7ms | Allocations: 1970)
  Rendered users/index.html.erb within layouts/application (Duration: 13.3ms | Allocations: 4594)
[Webpacker] Everything's up-to-date. Nothing to do
  Rendered layouts/_header.html.erb (Duration: 0.3ms | Allocations: 160)
  Rendered layouts/_footer.html.erb (Duration: 0.1ms | Allocations: 37)
  Rendered layout layouts/application.html.erb (Duration: 17.2ms | Allocations: 6697)
Completed 200 OK in 22ms (Views: 17.6ms | ActiveRecord: 0.3ms | Allocations: 9229)


Started POST "/books" for 126.36.203.107 at 2022-02-08 17:58:19 +0000
Cannot render console from 126.36.203.107! Allowed networks: 127.0.0.0/127.255.255.255, ::1
Processing by BooksController#create as HTML
  Parameters: {"authenticity_token"=>"[FILTERED]", "book"=>{"title"=>"nknknk", "body"=>"knknnk"}, "commit"=>"Create Book"}
  [1m[36mUser Load (0.1ms)[0m  [1m[34mSELECT "users".* FROM "users" WHERE "users"."id" = ? ORDER BY "users"."id" ASC LIMIT ?[0m  [["id", 1], ["LIMIT", 1]]
  [1m[36mTRANSACTION (0.1ms)[0m  [1m[36mbegin transaction[0m
  ↳ app/controllers/books_controller.rb:17:in `create'
  [1m[36mUser Load (0.1ms)[0m  [1m[34mSELECT "users".* FROM "users" WHERE "users"."id" = ? LIMIT ?[0m  [["id", 1], ["LIMIT", 1]]
  ↳ app/controllers/books_controller.rb:17:in `create'
  [1m[36mBook Create (0.2ms)[0m  [1m[32mINSERT INTO "books" ("title", "body", "user_id", "created_at", "updated_at") VALUES (?, ?, ?, ?, ?)[0m  [["title", "nknknk"], ["body", "knknnk"], ["user_id", 1], ["created_at", "2022-02-08 17:58:19.807940"], ["updated_at", "2022-02-08 17:58:19.807940"]]
  ↳ app/controllers/books_controller.rb:17:in `create'
  [1m[36mTRANSACTION (6.6ms)[0m  [1m[36mcommit transaction[0m
  ↳ app/controllers/books_controller.rb:17:in `create'
Redirected to https://b682dc45f7724681a12094d5e09e8c39.vfs.cloud9.us-east-1.amazonaws.com/books/1
Completed 302 Found in 29ms (ActiveRecord: 7.1ms | Allocations: 10369)


Started GET "/books/1" for 126.36.203.107 at 2022-02-08 17:58:19 +0000
Cannot render console from 126.36.203.107! Allowed networks: 127.0.0.0/127.255.255.255, ::1
Processing by BooksController#show as HTML
  Parameters: {"id"=>"1"}
  [1m[36mUser Load (0.1ms)[0m  [1m[34mSELECT "users".* FROM "users" WHERE "users"."id" = ? ORDER BY "users"."id" ASC LIMIT ?[0m  [["id", 1], ["LIMIT", 1]]
  [1m[36mBook Load (0.1ms)[0m  [1m[34mSELECT "books".* FROM "books" WHERE "books"."id" = ? LIMIT ?[0m  [["id", 1], ["LIMIT", 1]]
  ↳ app/controllers/books_controller.rb:5:in `show'
  [1m[36mUser Load (0.1ms)[0m  [1m[34mSELECT "users".* FROM "users" WHERE "users"."id" = ? LIMIT ?[0m  [["id", 1], ["LIMIT", 1]]
  ↳ app/controllers/books_controller.rb:6:in `show'
  Rendering layout layouts/application.html.erb
  Rendering books/show.html.erb within layouts/application
  [1m[36mActiveStorage::Attachment Load (0.1ms)[0m  [1m[34mSELECT "active_storage_attachments".* FROM "active_storage_attachments" WHERE "active_storage_attachments"."record_id" = ? AND "active_storage_attachments"."record_type" = ? AND "active_storage_attachments"."name" = ? LIMIT ?[0m  [["record_id", 1], ["record_type", "User"], ["name", "profile_image"], ["LIMIT", 1]]
  ↳ app/models/user.rb:15:in `get_profile_image'
  Rendered users/_info.html.erb (Duration: 3.9ms | Allocations: 1643)
  Rendered books/_form.html.erb (Duration: 1.6ms | Allocations: 666)
  Rendered books/show.html.erb within layouts/application (Duration: 7.7ms | Allocations: 3190)
[Webpacker] Everything's up-to-date. Nothing to do
  Rendered layouts/_header.html.erb (Duration: 0.3ms | Allocations: 163)
  Rendered layouts/_footer.html.erb (Duration: 0.1ms | Allocations: 37)
  Rendered layout layouts/application.html.erb (Duration: 11.1ms | Allocations: 5293)
Completed 200 OK in 20ms (Views: 11.5ms | ActiveRecord: 0.4ms | Allocations: 8275)


Started GET "/books/1" for 126.36.203.107 at 2022-02-08 17:58:22 +0000
Cannot render console from 126.36.203.107! Allowed networks: 127.0.0.0/127.255.255.255, ::1
Processing by BooksController#show as HTML
  Parameters: {"id"=>"1"}
  [1m[36mUser Load (0.1ms)[0m  [1m[34mSELECT "users".* FROM "users" WHERE "users"."id" = ? ORDER BY "users"."id" ASC LIMIT ?[0m  [["id", 1], ["LIMIT", 1]]
  [1m[36mBook Load (0.1ms)[0m  [1m[34mSELECT "books".* FROM "books" WHERE "books"."id" = ? LIMIT ?[0m  [["id", 1], ["LIMIT", 1]]
  ↳ app/controllers/books_controller.rb:5:in `show'
  [1m[36mUser Load (0.1ms)[0m  [1m[34mSELECT "users".* FROM "users" WHERE "users"."id" = ? LIMIT ?[0m  [["id", 1], ["LIMIT", 1]]
  ↳ app/controllers/books_controller.rb:6:in `show'
  Rendering layout layouts/application.html.erb
  Rendering books/show.html.erb within layouts/application
  [1m[36mActiveStorage::Attachment Load (0.1ms)[0m  [1m[34mSELECT "active_storage_attachments".* FROM "active_storage_attachments" WHERE "active_storage_attachments"."record_id" = ? AND "active_storage_attachments"."record_type" = ? AND "active_storage_attachments"."name" = ? LIMIT ?[0m  [["record_id", 1], ["record_type", "User"], ["name", "profile_image"], ["LIMIT", 1]]
  ↳ app/models/user.rb:15:in `get_profile_image'
  Rendered users/_info.html.erb (Duration: 4.1ms | Allocations: 1638)
  Rendered books/_form.html.erb (Duration: 11.4ms | Allocations: 663)
  Rendered books/show.html.erb within layouts/application (Duration: 16.7ms | Allocations: 2837)
[Webpacker] Everything's up-to-date. Nothing to do
  Rendered layouts/_header.html.erb (Duration: 0.3ms | Allocations: 160)
  Rendered layouts/_footer.html.erb (Duration: 0.1ms | Allocations: 37)
  Rendered layout layouts/application.html.erb (Duration: 20.5ms | Allocations: 4933)
Completed 200 OK in 28ms (Views: 20.9ms | ActiveRecord: 0.4ms | Allocations: 7673)


Started GET "/books/1" for 126.36.203.107 at 2022-02-08 17:58:23 +0000
Cannot render console from 126.36.203.107! Allowed networks: 127.0.0.0/127.255.255.255, ::1
Processing by BooksController#show as HTML
  Parameters: {"id"=>"1"}
  [1m[36mUser Load (0.1ms)[0m  [1m[34mSELECT "users".* FROM "users" WHERE "users"."id" = ? ORDER BY "users"."id" ASC LIMIT ?[0m  [["id", 1], ["LIMIT", 1]]
  [1m[36mBook Load (0.1ms)[0m  [1m[34mSELECT "books".* FROM "books" WHERE "books"."id" = ? LIMIT ?[0m  [["id", 1], ["LIMIT", 1]]
  ↳ app/controllers/books_controller.rb:5:in `show'
  [1m[36mUser Load (0.1ms)[0m  [1m[34mSELECT "users".* FROM "users" WHERE "users"."id" = ? LIMIT ?[0m  [["id", 1], ["LIMIT", 1]]
  ↳ app/controllers/books_controller.rb:6:in `show'
  Rendering layout layouts/application.html.erb
  Rendering books/show.html.erb within layouts/application
  [1m[36mActiveStorage::Attachment Load (0.1ms)[0m  [1m[34mSELECT "active_storage_attachments".* FROM "active_storage_attachments" WHERE "active_storage_attachments"."record_id" = ? AND "active_storage_attachments"."record_type" = ? AND "active_storage_attachments"."name" = ? LIMIT ?[0m  [["record_id", 1], ["record_type", "User"], ["name", "profile_image"], ["LIMIT", 1]]
  ↳ app/models/user.rb:15:in `get_profile_image'
  Rendered users/_info.html.erb (Duration: 4.1ms | Allocations: 1637)
  Rendered books/_form.html.erb (Duration: 1.5ms | Allocations: 663)
  Rendered books/show.html.erb within layouts/application (Duration: 6.7ms | Allocations: 2835)
[Webpacker] Everything's up-to-date. Nothing to do
  Rendered layouts/_header.html.erb (Duration: 0.4ms | Allocations: 160)
  Rendered layouts/_footer.html.erb (Duration: 0.1ms | Allocations: 37)
  Rendered layout layouts/application.html.erb (Duration: 9.9ms | Allocations: 4931)
Completed 200 OK in 17ms (Views: 10.3ms | ActiveRecord: 0.4ms | Allocations: 7667)


Started GET "/users/1" for 126.36.203.107 at 2022-02-08 17:58:24 +0000
Cannot render console from 126.36.203.107! Allowed networks: 127.0.0.0/127.255.255.255, ::1
Processing by UsersController#show as HTML
  Parameters: {"id"=>"1"}
  [1m[36mUser Load (0.2ms)[0m  [1m[34mSELECT "users".* FROM "users" WHERE "users"."id" = ? ORDER BY "users"."id" ASC LIMIT ?[0m  [["id", 1], ["LIMIT", 1]]
  [1m[36mUser Load (0.1ms)[0m  [1m[34mSELECT "users".* FROM "users" WHERE "users"."id" = ? LIMIT ?[0m  [["id", 1], ["LIMIT", 1]]
  ↳ app/controllers/users_controller.rb:5:in `show'
  Rendering layout layouts/application.html.erb
  Rendering users/show.html.erb within layouts/application
  [1m[36mActiveStorage::Attachment Load (0.1ms)[0m  [1m[34mSELECT "active_storage_attachments".* FROM "active_storage_attachments" WHERE "active_storage_attachments"."record_id" = ? AND "active_storage_attachments"."record_type" = ? AND "active_storage_attachments"."name" = ? LIMIT ?[0m  [["record_id", 1], ["record_type", "User"], ["name", "profile_image"], ["LIMIT", 1]]
  ↳ app/models/user.rb:15:in `get_profile_image'
  Rendered users/_info.html.erb (Duration: 4.8ms | Allocations: 1643)
  Rendered books/_form.html.erb (Duration: 1.7ms | Allocations: 666)
  [1m[36mBook Load (0.1ms)[0m  [1m[34mSELECT "books".* FROM "books" WHERE "books"."user_id" = ?[0m  [["user_id", 1]]
  ↳ app/views/books/_index.html.erb:11
  Rendered books/_index.html.erb (Duration: 2.9ms | Allocations: 1134)
  Rendered users/show.html.erb within layouts/application (Duration: 10.0ms | Allocations: 3652)
[Webpacker] Everything's up-to-date. Nothing to do
  Rendered layouts/_header.html.erb (Duration: 0.4ms | Allocations: 163)
  Rendered layouts/_footer.html.erb (Duration: 0.1ms | Allocations: 37)
  Rendered layout layouts/application.html.erb (Duration: 13.5ms | Allocations: 5754)
Completed 200 OK in 21ms (Views: 14.0ms | ActiveRecord: 0.6ms | Allocations: 7840)


Started GET "/books/1" for 126.36.203.107 at 2022-02-08 17:58:26 +0000
Cannot render console from 126.36.203.107! Allowed networks: 127.0.0.0/127.255.255.255, ::1
Processing by BooksController#show as HTML
  Parameters: {"id"=>"1"}
  [1m[36mUser Load (0.1ms)[0m  [1m[34mSELECT "users".* FROM "users" WHERE "users"."id" = ? ORDER BY "users"."id" ASC LIMIT ?[0m  [["id", 1], ["LIMIT", 1]]
  [1m[36mBook Load (0.1ms)[0m  [1m[34mSELECT "books".* FROM "books" WHERE "books"."id" = ? LIMIT ?[0m  [["id", 1], ["LIMIT", 1]]
  ↳ app/controllers/books_controller.rb:5:in `show'
  [1m[36mUser Load (0.1ms)[0m  [1m[34mSELECT "users".* FROM "users" WHERE "users"."id" = ? LIMIT ?[0m  [["id", 1], ["LIMIT", 1]]
  ↳ app/controllers/books_controller.rb:6:in `show'
  Rendering layout layouts/application.html.erb
  Rendering books/show.html.erb within layouts/application
  [1m[36mActiveStorage::Attachment Load (0.1ms)[0m  [1m[34mSELECT "active_storage_attachments".* FROM "active_storage_attachments" WHERE "active_storage_attachments"."record_id" = ? AND "active_storage_attachments"."record_type" = ? AND "active_storage_attachments"."name" = ? LIMIT ?[0m  [["record_id", 1], ["record_type", "User"], ["name", "profile_image"], ["LIMIT", 1]]
  ↳ app/models/user.rb:15:in `get_profile_image'
  Rendered users/_info.html.erb (Duration: 5.0ms | Allocations: 1758)
  Rendered books/_form.html.erb (Duration: 1.6ms | Allocations: 663)
  Rendered books/show.html.erb within layouts/application (Duration: 7.7ms | Allocations: 2956)
[Webpacker] Everything's up-to-date. Nothing to do
  Rendered layouts/_header.html.erb (Duration: 0.3ms | Allocations: 160)
  Rendered layouts/_footer.html.erb (Duration: 0.1ms | Allocations: 37)
  Rendered layout layouts/application.html.erb (Duration: 11.5ms | Allocations: 5083)
Completed 200 OK in 20ms (Views: 11.9ms | ActiveRecord: 0.4ms | Allocations: 8864)


Started GET "/books/1" for 126.36.203.107 at 2022-02-08 17:58:27 +0000
Cannot render console from 126.36.203.107! Allowed networks: 127.0.0.0/127.255.255.255, ::1
Processing by BooksController#show as HTML
  Parameters: {"id"=>"1"}
  [1m[36mUser Load (0.1ms)[0m  [1m[34mSELECT "users".* FROM "users" WHERE "users"."id" = ? ORDER BY "users"."id" ASC LIMIT ?[0m  [["id", 1], ["LIMIT", 1]]
  [1m[36mBook Load (0.1ms)[0m  [1m[34mSELECT "books".* FROM "books" WHERE "books"."id" = ? LIMIT ?[0m  [["id", 1], ["LIMIT", 1]]
  ↳ app/controllers/books_controller.rb:5:in `show'
  [1m[36mUser Load (0.1ms)[0m  [1m[34mSELECT "users".* FROM "users" WHERE "users"."id" = ? LIMIT ?[0m  [["id", 1], ["LIMIT", 1]]
  ↳ app/controllers/books_controller.rb:6:in `show'
  Rendering layout layouts/application.html.erb
  Rendering books/show.html.erb within layouts/application
  [1m[36mActiveStorage::Attachment Load (0.1ms)[0m  [1m[34mSELECT "active_storage_attachments".* FROM "active_storage_attachments" WHERE "active_storage_attachments"."record_id" = ? AND "active_storage_attachments"."record_type" = ? AND "active_storage_attachments"."name" = ? LIMIT ?[0m  [["record_id", 1], ["record_type", "User"], ["name", "profile_image"], ["LIMIT", 1]]
  ↳ app/models/user.rb:15:in `get_profile_image'
  Rendered users/_info.html.erb (Duration: 3.7ms | Allocations: 1637)
  Rendered books/_form.html.erb (Duration: 1.5ms | Allocations: 663)
  Rendered books/show.html.erb within layouts/application (Duration: 6.4ms | Allocations: 2835)
[Webpacker] Everything's up-to-date. Nothing to do
  Rendered layouts/_header.html.erb (Duration: 0.3ms | Allocations: 160)
  Rendered layouts/_footer.html.erb (Duration: 0.1ms | Allocations: 37)
  Rendered layout layouts/application.html.erb (Duration: 9.5ms | Allocations: 4931)
Completed 200 OK in 17ms (Views: 9.8ms | ActiveRecord: 0.4ms | Allocations: 7667)


Started GET "/" for 126.36.203.107 at 2022-02-08 17:59:02 +0000
Cannot render console from 126.36.203.107! Allowed networks: 127.0.0.0/127.255.255.255, ::1
Processing by HomesController#top as HTML
  Rendering layout layouts/application.html.erb
  Rendering homes/top.html.erb within layouts/application
  Rendered homes/top.html.erb within layouts/application (Duration: 0.3ms | Allocations: 93)
[Webpacker] Everything's up-to-date. Nothing to do
  Rendered layouts/_header.html.erb (Duration: 0.6ms | Allocations: 219)
  Rendered layouts/_footer.html.erb (Duration: 0.1ms | Allocations: 37)
  Rendered layout layouts/application.html.erb (Duration: 4.0ms | Allocations: 2276)
Completed 200 OK in 5ms (Views: 4.6ms | ActiveRecord: 0.0ms | Allocations: 2608)


